<?xml version="1.0" encoding="UTF-8"?>
<!-- Generated by org.testng.reporters.JUnitXMLReporter -->
<testsuite hostname="Liku" ignored="0" name="Test" tests="5" failures="5" timestamp="20 May 2019 14:31:00 GMT" time="2.432" errors="0">
  <testcase name="configNew" time="1.993" classname="test_package.UnautorizedAPIsTest">
    <failure type="java.lang.AssertionError" message="The new Configuration Failed">
      <![CDATA[java.lang.AssertionError: The new Configuration Failed
	at test_package.UnautorizedAPIsTest.configNew(UnautorizedAPIsTest.java:50)
... Removed 26 stack frames]]>
    </failure>
  </testcase> <!-- configNew -->
  <testcase name="postFinetune1" time="0.008" classname="test_package.UnautorizedAPIsTest">
    <failure type="java.lang.AssertionError" message="The Post fine tune with empty value is Failed">
      <![CDATA[java.lang.AssertionError: The Post fine tune with empty value is Failed
	at test_package.UnautorizedAPIsTest.postFinetune1(UnautorizedAPIsTest.java:75)
... Removed 26 stack frames]]>
    </failure>
  </testcase> <!-- postFinetune1 -->
  <testcase name="postFinetune2" time="0.007" classname="test_package.UnautorizedAPIsTest">
    <failure type="java.lang.AssertionError" message="The Post fine tune with values is Failed">
      <![CDATA[java.lang.AssertionError: The Post fine tune with values is Failed
	at test_package.UnautorizedAPIsTest.postFinetune2(UnautorizedAPIsTest.java:101)
... Removed 26 stack frames]]>
    </failure>
  </testcase> <!-- postFinetune2 -->
  <testcase name="postConfigurationResume" time="0.004" classname="test_package.UnautorizedAPIsTest">
    <failure type="java.lang.AssertionError" message="The Configuration resume is Failed">
      <![CDATA[java.lang.AssertionError: The Configuration resume is Failed
	at test_package.UnautorizedAPIsTest.postConfigurationResume(UnautorizedAPIsTest.java:127)
... Removed 26 stack frames]]>
    </failure>
  </testcase> <!-- postConfigurationResume -->
  <testcase name="getGpusAvailable" time="0.003" classname="test_package.UnautorizedAPIsTest">
    <failure type="java.lang.AssertionError" message="The GPUS available get call is Failed">
      <![CDATA[java.lang.AssertionError: The GPUS available get call is Failed
	at test_package.UnautorizedAPIsTest.getGpusAvailable(UnautorizedAPIsTest.java:154)
... Removed 26 stack frames]]>
    </failure>
  </testcase> <!-- getGpusAvailable -->
</testsuite> <!-- Test -->
